<?xml version="1.0" encoding="UTF-8"?>
<testng-results skipped="0" failed="0" ignored="0" total="4" passed="4">
  <reporter-output>
  </reporter-output>
  <suite name="Default suite" duration-ms="81184" started-at="2021-02-09T16:21:32 IST" finished-at="2021-02-09T16:22:53 IST">
    <groups>
    </groups>
    <test name="Default test" duration-ms="81184" started-at="2021-02-09T16:21:32 IST" finished-at="2021-02-09T16:22:53 IST">
      <class name="framework.AppiumProject.Demo">
        <test-method status="PASS" signature="bt()[pri:0, instance:framework.AppiumProject.Demo@b7dd107]" name="bt" is-config="true" duration-ms="29665" started-at="2021-02-09T16:21:32 IST" finished-at="2021-02-09T16:22:01 IST">
          <reporter-output>
          </reporter-output>
        </test-method> <!-- bt -->
        <test-method status="PASS" signature="testcase1()[pri:1, instance:framework.AppiumProject.Demo@b7dd107]" name="testcase1" duration-ms="243" started-at="2021-02-09T16:22:01 IST" finished-at="2021-02-09T16:22:02 IST">
          <reporter-output>
          </reporter-output>
        </test-method> <!-- testcase1 -->
        <test-method status="PASS" signature="testcases2()[pri:2, instance:framework.AppiumProject.Demo@b7dd107]" name="testcases2" duration-ms="39604" started-at="2021-02-09T16:22:02 IST" finished-at="2021-02-09T16:22:41 IST">
          <reporter-output>
          </reporter-output>
        </test-method> <!-- testcases2 -->
        <test-method status="PASS" signature="testcase3()[pri:3, instance:framework.AppiumProject.Demo@b7dd107]" name="testcase3" duration-ms="5961" started-at="2021-02-09T16:22:41 IST" finished-at="2021-02-09T16:22:47 IST">
          <reporter-output>
          </reporter-output>
        </test-method> <!-- testcase3 -->
        <test-method status="PASS" signature="testcase4()[pri:4, instance:framework.AppiumProject.Demo@b7dd107]" name="testcase4" duration-ms="5645" started-at="2021-02-09T16:22:47 IST" finished-at="2021-02-09T16:22:53 IST">
          <reporter-output>
          </reporter-output>
        </test-method> <!-- testcase4 -->
      </class> <!-- framework.AppiumProject.Demo -->
    </test> <!-- Default test -->
  </suite> <!-- Default suite -->
</testng-results>
