<?xml version="1.0" encoding="UTF-8"?>
<!-- Generated by org.testng.reporters.JUnitXMLReporter -->
<testsuite hostname="DESKTOP-5GBS83J" ignored="0" name="Default test" tests="4" failures="0" timestamp="2021-02-09T16:22:53 IST" time="81.184" errors="0">
  <testcase name="testcase1" time="0.243" classname="framework.AppiumProject.Demo"/>
  <testcase name="testcases2" time="39.604" classname="framework.AppiumProject.Demo"/>
  <testcase name="testcase3" time="5.961" classname="framework.AppiumProject.Demo"/>
  <testcase name="testcase4" time="5.645" classname="framework.AppiumProject.Demo"/>
</testsuite> <!-- Default test -->
